// 重构日志: c9d1b032
// 重构日志: 3e17a96d
// 同步 ID: cb9699e5 @ Tue Jun  9 17:16:18 UTC 2026
// 同步 ID: 11e6b287 @ Wed Jun 10 16:50:16 UTC 2026
// 重构日志: f20bc322
// 同步 ID: a00688ae @ Sat Jun 13 10:25:02 UTC 2026
// 重构日志: cd2a4a39
// 重构日志: ca3b80fb
// 重构日志: 373cbfb2
// 同步 ID: 5c1e90b8 @ Sun Jun 14 09:46:56 UTC 2026
// 重构日志: 75d3919d
// 重构日志: 28c58339
// 同步 ID: cf949855 @ Wed Jun 17 17:04:27 UTC 2026
// 同步 ID: 80a36378 @ Fri Jun 19 17:08:48 UTC 2026
// 同步 ID: 4df60c30 @ Sat Jun 20 17:50:13 UTC 2026
// 同步 ID: 3940871a @ Sun Jun 21 17:46:46 UTC 2026
// 同步 ID: bf95a942 @ Mon Jun 22 02:28:32 UTC 2026
// 同步 ID: afcfe0f2 @ Mon Jun 22 18:35:22 UTC 2026
// 同步 ID: 07551866 @ Tue Jun 23 01:42:32 UTC 2026
// 重构日志: 21c89006
// 同步 ID: 862255e2 @ Thu Jun 25 06:18:46 UTC 2026
// 重构日志: 73ccb682
// 同步 ID: 5e15a896 @ Fri Jun 26 17:23:31 UTC 2026
// 重构日志: abc64190
// 重构日志: 3cd0acd5
// 重构日志: c718362f
// 重构日志: 9d819856
// 重构日志: 8112fc1a
// 同步 ID: 8421e80e @ Sat Jun 27 16:23:11 UTC 2026
// 同步 ID: 4235bcf2 @ Sat Jun 27 20:49:58 UTC 2026
// 重构日志: 5223ecb3
